<?xml version="1.0" encoding="UTF-8"?>
<testsuite xmlns:xsi="http://www.w3.org/2001/XMLSchema-instance" xsi:noNamespaceSchemaLocation="https://maven.apache.org/surefire/maven-surefire-plugin/xsd/surefire-test-report.xsd" name="TestSuite" time="18.601" tests="2" errors="0" skipped="0" failures="0">
  <properties>
    <property name="sun.desktop" value="windows"/>
    <property name="awt.toolkit" value="sun.awt.windows.WToolkit"/>
    <property name="file.encoding.pkg" value="sun.io"/>
    <property name="java.specification.version" value="1.8"/>
    <property name="sun.cpu.isalist" value="amd64"/>
    <property name="sun.jnu.encoding" value="MS932"/>
    <property name="java.class.path" value="E:\eclipseWorkSpace\TestJenkins\target\test-classes;E:\eclipseWorkSpace\TestJenkins\target\classes;E:\apache-maven-3.5.0\.m2\org\testng\testng\6.10\testng-6.10.jar;E:\apache-maven-3.5.0\.m2\com\beust\jcommander\1.48\jcommander-1.48.jar;E:\apache-maven-3.5.0\.m2\org\seleniumhq\selenium\selenium-java\3.6.0\selenium-java-3.6.0.jar;E:\apache-maven-3.5.0\.m2\org\seleniumhq\selenium\selenium-api\3.6.0\selenium-api-3.6.0.jar;E:\apache-maven-3.5.0\.m2\org\seleniumhq\selenium\selenium-chrome-driver\3.6.0\selenium-chrome-driver-3.6.0.jar;E:\apache-maven-3.5.0\.m2\org\seleniumhq\selenium\selenium-edge-driver\3.6.0\selenium-edge-driver-3.6.0.jar;E:\apache-maven-3.5.0\.m2\org\seleniumhq\selenium\selenium-firefox-driver\3.6.0\selenium-firefox-driver-3.6.0.jar;E:\apache-maven-3.5.0\.m2\org\seleniumhq\selenium\selenium-ie-driver\3.6.0\selenium-ie-driver-3.6.0.jar;E:\apache-maven-3.5.0\.m2\org\seleniumhq\selenium\selenium-opera-driver\3.6.0\selenium-opera-driver-3.6.0.jar;E:\apache-maven-3.5.0\.m2\org\seleniumhq\selenium\selenium-remote-driver\3.6.0\selenium-remote-driver-3.6.0.jar;E:\apache-maven-3.5.0\.m2\org\seleniumhq\selenium\selenium-safari-driver\3.6.0\selenium-safari-driver-3.6.0.jar;E:\apache-maven-3.5.0\.m2\org\seleniumhq\selenium\selenium-support\3.6.0\selenium-support-3.6.0.jar;E:\apache-maven-3.5.0\.m2\net\bytebuddy\byte-buddy\1.7.5\byte-buddy-1.7.5.jar;E:\apache-maven-3.5.0\.m2\org\apache\commons\commons-exec\1.3\commons-exec-1.3.jar;E:\apache-maven-3.5.0\.m2\commons-codec\commons-codec\1.10\commons-codec-1.10.jar;E:\apache-maven-3.5.0\.m2\commons-logging\commons-logging\1.2\commons-logging-1.2.jar;E:\apache-maven-3.5.0\.m2\com\google\code\gson\gson\2.8.0\gson-2.8.0.jar;E:\apache-maven-3.5.0\.m2\com\google\guava\guava\23.0\guava-23.0.jar;E:\apache-maven-3.5.0\.m2\com\google\code\findbugs\jsr305\1.3.9\jsr305-1.3.9.jar;E:\apache-maven-3.5.0\.m2\com\google\errorprone\error_prone_annotations\2.0.18\error_prone_annotations-2.0.18.jar;E:\apache-maven-3.5.0\.m2\com\google\j2objc\j2objc-annotations\1.1\j2objc-annotations-1.1.jar;E:\apache-maven-3.5.0\.m2\org\codehaus\mojo\animal-sniffer-annotations\1.14\animal-sniffer-annotations-1.14.jar;E:\apache-maven-3.5.0\.m2\org\apache\httpcomponents\httpclient\4.5.3\httpclient-4.5.3.jar;E:\apache-maven-3.5.0\.m2\org\apache\httpcomponents\httpcore\4.4.6\httpcore-4.4.6.jar;E:\apache-maven-3.5.0\.m2\net\java\dev\jna\jna\4.1.0\jna-4.1.0.jar;E:\apache-maven-3.5.0\.m2\net\java\dev\jna\jna-platform\4.1.0\jna-platform-4.1.0.jar;E:\apache-maven-3.5.0\.m2\org\apache\maven\surefire\surefire-testng-utils\2.20.1\surefire-testng-utils-2.20.1.jar;E:\apache-maven-3.5.0\.m2\org\apache\maven\surefire\surefire-grouper\2.20.1\surefire-grouper-2.20.1.jar;"/>
    <property name="java.vm.vendor" value="Oracle Corporation"/>
    <property name="sun.arch.data.model" value="64"/>
    <property name="user.variant" value=""/>
    <property name="java.vendor.url" value="http://java.oracle.com/"/>
    <property name="user.timezone" value=""/>
    <property name="java.vm.specification.version" value="1.8"/>
    <property name="os.name" value="Windows 7"/>
    <property name="user.country" value="JP"/>
    <property name="sun.java.launcher" value="SUN_STANDARD"/>
    <property name="sun.boot.library.path" value="C:\Program Files\Java\jdk1.8.0_144\jre\bin"/>
    <property name="sun.java.command" value="C:\Windows\TEMP\surefire1812524218766839394\surefirebooter4233789945040281515.jar C:\Windows\Temp\surefire1812524218766839394 2017-10-27T09-10-11_673-jvmRun1 surefire8661193453337471612tmp surefire_01148219448364816360tmp"/>
    <property name="surefire.test.class.path" value="E:\eclipseWorkSpace\TestJenkins\target\test-classes;E:\eclipseWorkSpace\TestJenkins\target\classes;E:\apache-maven-3.5.0\.m2\org\testng\testng\6.10\testng-6.10.jar;E:\apache-maven-3.5.0\.m2\com\beust\jcommander\1.48\jcommander-1.48.jar;E:\apache-maven-3.5.0\.m2\org\seleniumhq\selenium\selenium-java\3.6.0\selenium-java-3.6.0.jar;E:\apache-maven-3.5.0\.m2\org\seleniumhq\selenium\selenium-api\3.6.0\selenium-api-3.6.0.jar;E:\apache-maven-3.5.0\.m2\org\seleniumhq\selenium\selenium-chrome-driver\3.6.0\selenium-chrome-driver-3.6.0.jar;E:\apache-maven-3.5.0\.m2\org\seleniumhq\selenium\selenium-edge-driver\3.6.0\selenium-edge-driver-3.6.0.jar;E:\apache-maven-3.5.0\.m2\org\seleniumhq\selenium\selenium-firefox-driver\3.6.0\selenium-firefox-driver-3.6.0.jar;E:\apache-maven-3.5.0\.m2\org\seleniumhq\selenium\selenium-ie-driver\3.6.0\selenium-ie-driver-3.6.0.jar;E:\apache-maven-3.5.0\.m2\org\seleniumhq\selenium\selenium-opera-driver\3.6.0\selenium-opera-driver-3.6.0.jar;E:\apache-maven-3.5.0\.m2\org\seleniumhq\selenium\selenium-remote-driver\3.6.0\selenium-remote-driver-3.6.0.jar;E:\apache-maven-3.5.0\.m2\org\seleniumhq\selenium\selenium-safari-driver\3.6.0\selenium-safari-driver-3.6.0.jar;E:\apache-maven-3.5.0\.m2\org\seleniumhq\selenium\selenium-support\3.6.0\selenium-support-3.6.0.jar;E:\apache-maven-3.5.0\.m2\net\bytebuddy\byte-buddy\1.7.5\byte-buddy-1.7.5.jar;E:\apache-maven-3.5.0\.m2\org\apache\commons\commons-exec\1.3\commons-exec-1.3.jar;E:\apache-maven-3.5.0\.m2\commons-codec\commons-codec\1.10\commons-codec-1.10.jar;E:\apache-maven-3.5.0\.m2\commons-logging\commons-logging\1.2\commons-logging-1.2.jar;E:\apache-maven-3.5.0\.m2\com\google\code\gson\gson\2.8.0\gson-2.8.0.jar;E:\apache-maven-3.5.0\.m2\com\google\guava\guava\23.0\guava-23.0.jar;E:\apache-maven-3.5.0\.m2\com\google\code\findbugs\jsr305\1.3.9\jsr305-1.3.9.jar;E:\apache-maven-3.5.0\.m2\com\google\errorprone\error_prone_annotations\2.0.18\error_prone_annotations-2.0.18.jar;E:\apache-maven-3.5.0\.m2\com\google\j2objc\j2objc-annotations\1.1\j2objc-annotations-1.1.jar;E:\apache-maven-3.5.0\.m2\org\codehaus\mojo\animal-sniffer-annotations\1.14\animal-sniffer-annotations-1.14.jar;E:\apache-maven-3.5.0\.m2\org\apache\httpcomponents\httpclient\4.5.3\httpclient-4.5.3.jar;E:\apache-maven-3.5.0\.m2\org\apache\httpcomponents\httpcore\4.4.6\httpcore-4.4.6.jar;E:\apache-maven-3.5.0\.m2\net\java\dev\jna\jna\4.1.0\jna-4.1.0.jar;E:\apache-maven-3.5.0\.m2\net\java\dev\jna\jna-platform\4.1.0\jna-platform-4.1.0.jar;E:\apache-maven-3.5.0\.m2\org\apache\maven\surefire\surefire-testng-utils\2.20.1\surefire-testng-utils-2.20.1.jar;E:\apache-maven-3.5.0\.m2\org\apache\maven\surefire\surefire-grouper\2.20.1\surefire-grouper-2.20.1.jar;"/>
    <property name="sun.cpu.endian" value="little"/>
    <property name="user.home" value="C:\Windows\system32\config\systemprofile"/>
    <property name="user.language" value="ja"/>
    <property name="java.specification.vendor" value="Oracle Corporation"/>
    <property name="java.home" value="C:\Program Files\Java\jdk1.8.0_144\jre"/>
    <property name="basedir" value="E:\eclipseWorkSpace\TestJenkins"/>
    <property name="file.separator" value="\"/>
    <property name="line.separator" value="&#10;"/>
    <property name="java.vm.specification.vendor" value="Oracle Corporation"/>
    <property name="java.specification.name" value="Java Platform API Specification"/>
    <property name="java.awt.graphicsenv" value="sun.awt.Win32GraphicsEnvironment"/>
    <property name="surefire.real.class.path" value="C:\Windows\TEMP\surefire1812524218766839394\surefirebooter4233789945040281515.jar"/>
    <property name="sun.boot.class.path" value="C:\Program Files\Java\jdk1.8.0_144\jre\lib\resources.jar;C:\Program Files\Java\jdk1.8.0_144\jre\lib\rt.jar;C:\Program Files\Java\jdk1.8.0_144\jre\lib\sunrsasign.jar;C:\Program Files\Java\jdk1.8.0_144\jre\lib\jsse.jar;C:\Program Files\Java\jdk1.8.0_144\jre\lib\jce.jar;C:\Program Files\Java\jdk1.8.0_144\jre\lib\charsets.jar;C:\Program Files\Java\jdk1.8.0_144\jre\lib\jfr.jar;C:\Program Files\Java\jdk1.8.0_144\jre\classes"/>
    <property name="user.script" value=""/>
    <property name="sun.management.compiler" value="HotSpot 64-Bit Tiered Compilers"/>
    <property name="java.runtime.version" value="1.8.0_144-b01"/>
    <property name="user.name" value="DOUHAO-PC$"/>
    <property name="path.separator" value=";"/>
    <property name="os.version" value="6.1"/>
    <property name="java.endorsed.dirs" value="C:\Program Files\Java\jdk1.8.0_144\jre\lib\endorsed"/>
    <property name="java.runtime.name" value="Java(TM) SE Runtime Environment"/>
    <property name="file.encoding" value="MS932"/>
    <property name="java.vm.name" value="Java HotSpot(TM) 64-Bit Server VM"/>
    <property name="localRepository" value="E:\apache-maven-3.5.0\.m2"/>
    <property name="java.vendor.url.bug" value="http://bugreport.sun.com/bugreport/"/>
    <property name="java.io.tmpdir" value="C:\Windows\TEMP\"/>
    <property name="java.version" value="1.8.0_144"/>
    <property name="user.dir" value="E:\eclipseWorkSpace\TestJenkins"/>
    <property name="os.arch" value="amd64"/>
    <property name="java.vm.specification.name" value="Java Virtual Machine Specification"/>
    <property name="java.awt.printerjob" value="sun.awt.windows.WPrinterJob"/>
    <property name="sun.os.patch.level" value="Service Pack 1"/>
    <property name="java.library.path" value="C:\Program Files\Java\jdk1.8.0_144\jre\bin;C:\Windows\Sun\Java\bin;C:\Windows\system32;C:\Windows;E:\apache-maven-3.5.0/bin;C:\Program Files\Java\jdk1.8.0_144/bin;C:\Program Files\Java\jdk1.8.0_144/bin;C:\Program Files (x86)\Intel\iCLS Client\;C:\Program Files\Intel\iCLS Client\;C:\Windows\system32;C:\Windows;C:\Windows\System32\Wbem;C:\Windows\System32\WindowsPowerShell\v1.0\;C:\Program Files\Intel\Intel(R) Management Engine Components\DAL;C:\Program Files (x86)\Intel\Intel(R) Management Engine Components\DAL;C:\Program Files\Intel\Intel(R) Management Engine Components\IPT;C:\Program Files (x86)\Intel\Intel(R) Management Engine Components\IPT;C:\Program Files (x86)\TortoiseSVN\bin;D:\mysql\bin;C:\Program Files\Java\jdk1.8.0_144\bin;C:\Program Files\Java\jdk1.8.0_144\jre\bin;E:\apache-maven-3.5.0\bin;C:\Program Files\nodejs\;E:\openshift-origin-client-tools-v1.5.1-7b451fc-windows;C:\Program Files\Git\cmd;;."/>
    <property name="java.vm.info" value="mixed mode"/>
    <property name="java.vendor" value="Oracle Corporation"/>
    <property name="java.vm.version" value="25.144-b01"/>
    <property name="java.ext.dirs" value="C:\Program Files\Java\jdk1.8.0_144\jre\lib\ext;C:\Windows\Sun\Java\lib\ext"/>
    <property name="sun.io.unicode.encoding" value="UnicodeLittle"/>
    <property name="java.class.version" value="52.0"/>
  </properties>
  <testcase name="calculatepercent" classname="org.testJenkins.TestGrid" time="0.293"/>
  <testcase name="calculatepercent" classname="org.testJenkins.TestGrid" time="0.406"/>
</testsuite>