<?xml version="1.0" encoding="UTF-8"?>
<!-- Generated by org.testng.reporters.JUnitReportReporter -->
<testsuite name="org.testJenkins.TestSpring" tests="2" time="7.990" ignored="0" failures="0" timestamp="26 10 2017 03:11:54 GMT" skipped="0" hostname="douhao-PC" errors="0">
  <testcase name="testContent" time="4.332" classname="org.testJenkins.TestSpring"/>
  <testcase name="testContent" time="3.658" classname="org.testJenkins.TestSpring"/>
</testsuite> <!-- org.testJenkins.TestSpring -->
