<?xml version="1.0" encoding="UTF-8"?>
<!-- Generated by org.testng.reporters.JUnitReportReporter -->
<testsuite name="org.testJenkins.TestGrid" tests="2" time="1.466" ignored="0" failures="0" timestamp="27 10 2017 01:06:46 GMT" skipped="0" hostname="douhao-PC" errors="0">
  <testcase name="calculatepercent" time="0.275" classname="org.testJenkins.TestGrid"/>
  <testcase name="calculatepercent" time="1.191" classname="org.testJenkins.TestGrid"/>
</testsuite> <!-- org.testJenkins.TestGrid -->
