<?xml version="1.0" encoding="UTF-8"?>
<!-- Generated by org.testng.reporters.JUnitReportReporter -->
<testsuite name="org.testJenkins.TestSpringmvc" tests="1" time="2.532" ignored="0" failures="0" timestamp="25 10 2017 01:20:06 GMT" skipped="0" hostname="douhao-PC" errors="0">
  <testcase name="testContent" time="2.532" classname="org.testJenkins.TestSpringmvc"/>
</testsuite> <!-- org.testJenkins.TestSpringmvc -->
