<?xml version="1.0" encoding="UTF-8"?>
<!-- Generated by org.testng.reporters.JUnitReportReporter -->
<testsuite name="org.testJenkins.TestJenkins" tests="1" time="0.384" ignored="0" failures="0" timestamp="23 10 2017 03:52:47 GMT" skipped="0" hostname="douhao-PC" errors="0">
  <testcase name="testJ" time="0.384" classname="org.testJenkins.TestJenkins"/>
</testsuite> <!-- org.testJenkins.TestJenkins -->
