<?xml version="1.0" encoding="UTF-8"?>
<!-- Generated by org.testng.reporters.JUnitReportReporter -->
<testsuite name="org.testJenkins.TestSpring" tests="1" time="2.992" ignored="0" failures="0" timestamp="25 10 2017 05:58:36 GMT" skipped="0" hostname="douhao-PC" errors="0">
  <testcase name="testContent" time="2.992" classname="org.testJenkins.TestSpring"/>
</testsuite> <!-- org.testJenkins.TestSpring -->
